<?xml version="1.0" encoding="UTF-8"?>
<!-- Generated by org.testng.reporters.JUnitXMLReporter -->
<testsuite ignored="0" hostname="PP-Dell" failures="1" tests="1" name="Navigate to home page" time="16.589" errors="0" timestamp="18 Oct 2023 06:46:33 GMT">
  <testcase classname="testcase.NewUserRegistration" name="navigateToHomepage" time="2.547">
    <failure type="java.lang.AssertionError" message="expected [Home Page ttt] but found [Home Page]">
      <![CDATA[java.lang.AssertionError: expected [Home Page ttt] but found [Home Page]
at testcase.NewUserRegistration.navigateToHomepage(NewUserRegistration.java:13)
... Removed 31 stack frames]]>
    </failure>
  </testcase> <!-- navigateToHomepage -->
</testsuite> <!-- Navigate to home page -->
