<?xml version="1.0" encoding="UTF-8"?>
<!-- Generated by org.testng.reporters.JUnitXMLReporter -->
<testsuite ignored="0" hostname="PP-Dell" failures="2" tests="4" name="Testcases" time="31.168" errors="0" timestamp="20 Oct 2023 12:38:50 GMT">
  <testcase classname="testcase.LoginTest" name="launchTestURL" time="0.061"/>
  <testcase classname="testcase.LoginTest" name="navigateToHomepage" time="2.746"/>
  <testcase classname="testcase.LoginTest" name="signIn_invalidCredentials" time="2.188">
    <failure type="java.lang.AssertionError" message="expected [] but found [The username or password you entered is invalid]">
      <![CDATA[java.lang.AssertionError: expected [] but found [The username or password you entered is invalid]
at testcase.LoginTest.signIn_invalidCredentials(LoginTest.java:72)
... Removed 31 stack frames]]>
    </failure>
  </testcase> <!-- signIn_invalidCredentials -->
  <testcase classname="testcase.LoginTest" name="signIn_validCredentials" time="1.88">
    <failure type="java.lang.AssertionError" message="expected [Signin] but found [Business Grants Portal]">
      <![CDATA[java.lang.AssertionError: expected [Signin] but found [Business Grants Portal]
at testcase.LoginTest.signIn_validCredentials(LoginTest.java:87)
... Removed 31 stack frames]]>
    </failure>
  </testcase> <!-- signIn_validCredentials -->
</testsuite> <!-- Testcases -->
